2021-12-16 19:28:04 INFO  PluginTasksProjectComponent.projectOpened(79) - ---------- Project opened ----------
2021-12-16 19:28:04 INFO  PluginTasksProjectComponent.projectOpened(80) - ---------- Version 3.53 ----------

2021-12-16 19:28:04 INFO  PluginTasksProjectComponent.setAutoscrolls(374) - Autoscrolls successfully set
2021-12-16 19:28:04 INFO  ApacheHttpClient.isSessionAppropriateWithSecretKey(589) - The session is not set in the property file.
2021-12-16 19:28:04 INFO  ApacheHttpClient.logout(633) - Waiting for server response.
2021-12-16 19:28:04 INFO  ApacheHttpClient.login(250) - Waiting for server response.
2021-12-16 19:28:04 INFO  ApacheHttpClient.login(254) - responseCode = 200
2021-12-16 19:28:04 INFO  ApacheHttpClient.login(277) - JSESSIONID OK
2021-12-16 19:28:04 INFO  ApacheHttpClient.refreshUserInfo(305) - responseCode = 200
2021-12-16 19:28:04 INFO  ApacheHttpClient.refreshUserInfo(311) - User information received.
2021-12-16 19:28:04 INFO  ApacheHttpClient.startGA(36) - GAService started.
2021-12-16 19:29:48 INFO  PluginTasksProjectComponent.projectClosing(196) - ---------- Project closed ----------

2021-12-16 19:29:59 INFO  PluginTasksProjectComponent.projectClosing(196) - ---------- Project closed ----------

2021-12-16 20:43:26 INFO  PluginTasksProjectComponent.projectOpened(79) - ---------- Project opened ----------
2021-12-16 20:43:26 INFO  PluginTasksProjectComponent.projectOpened(80) - ---------- Version 3.53 ----------

2021-12-16 20:43:26 INFO  PluginTasksProjectComponent.setAutoscrolls(374) - Autoscrolls successfully set
2021-12-16 20:43:26 INFO  ApacheHttpClient.isSessionAppropriateWithSecretKey(602) - Waiting for server response.
2021-12-16 20:43:26 INFO  ApacheHttpClient.isSessionAppropriateWithSecretKey(602) - Waiting for server response.
2021-12-16 20:43:26 INFO  ApacheHttpClient.refreshUserInfo(305) - responseCode = 200
2021-12-16 20:43:26 INFO  ApacheHttpClient.refreshUserInfo(311) - User information received.
2021-12-16 20:43:26 INFO  ApacheHttpClient.startGA(36) - GAService started.
2021-12-16 20:51:02 INFO  ApacheHttpClient.getWebResourceAsStream(502) - responseCode = 200
2021-12-16 20:51:05 INFO  ApacheHttpClient.getFilteredTasks(336) - responseCode = 200
2021-12-16 20:51:47 INFO  ApacheHttpClient.getFilteredTasks(336) - responseCode = 200
2021-12-16 20:52:33 INFO  PluginTasksProjectComponent.projectOpened(79) - ---------- Project opened ----------
2021-12-16 20:52:33 INFO  PluginTasksProjectComponent.projectOpened(80) - ---------- Version 3.53 ----------

2021-12-16 20:52:33 INFO  ApacheHttpClient.isSessionAppropriateWithSecretKey(602) - Waiting for server response.
2021-12-16 20:52:33 INFO  ApacheHttpClient.refreshUserInfo(305) - responseCode = 200
2021-12-16 20:52:33 INFO  ApacheHttpClient.refreshUserInfo(311) - User information received.
2021-12-16 20:52:33 INFO  ApacheHttpClient.startGA(36) - GAService started.
2021-12-16 20:53:23 INFO  ApacheHttpClient.getWebResourceAsStream(502) - responseCode = 200
2021-12-16 20:53:23 WARN  PluginUtil.isProjectStructureCorrect(370) - The project structure is invalid.
com.homework.plugin.analytics.PluginWarningException: warning
	at com.homework.plugin.PluginUtil.isProjectStructureCorrect(PluginUtil.java:370)
	at com.homework.plugin.PluginUtil.isProjectIncorrect(PluginUtil.java:380)
	at com.homework.plugin.button.AbstractButton.performCheck(AbstractButton.java:37)
	at com.homework.plugin.button.SelectTaskButton.actionPerformed(SelectTaskButton.java:27)
	at com.intellij.openapi.actionSystem.ex.ActionUtil$1.run(ActionUtil.java:261)
	at com.intellij.openapi.actionSystem.ex.ActionUtil.performActionDumbAware(ActionUtil.java:278)
	at com.intellij.openapi.actionSystem.impl.ActionButton.actionPerformed(ActionButton.java:183)
	at com.intellij.openapi.actionSystem.impl.ActionButton.performAction(ActionButton.java:147)
	at com.intellij.openapi.actionSystem.impl.ActionButton.processMouseEvent(ActionButton.java:415)
	at java.awt.Component.processEvent(Component.java:6315)
	at java.awt.Container.processEvent(Container.java:2239)
	at java.awt.Component.dispatchEventImpl(Component.java:4899)
	at java.awt.Container.dispatchEventImpl(Container.java:2297)
	at java.awt.Component.dispatchEvent(Component.java:4721)
	at java.awt.LightweightDispatcher.retargetMouseEvent(Container.java:4904)
	at java.awt.LightweightDispatcher.processMouseEvent(Container.java:4535)
	at java.awt.LightweightDispatcher.dispatchEvent(Container.java:4476)
	at java.awt.Container.dispatchEventImpl(Container.java:2283)
	at java.awt.Window.dispatchEventImpl(Window.java:2746)
	at java.awt.Component.dispatchEvent(Component.java:4721)
	at java.awt.EventQueue.dispatchEventImpl(EventQueue.java:766)
	at java.awt.EventQueue.access$500(EventQueue.java:98)
	at java.awt.EventQueue$3.run(EventQueue.java:715)
	at java.awt.EventQueue$3.run(EventQueue.java:709)
	at java.security.AccessController.doPrivileged(Native Method)
	at java.security.ProtectionDomain$JavaSecurityAccessImpl.doIntersectionPrivilege(ProtectionDomain.java:74)
	at java.security.ProtectionDomain$JavaSecurityAccessImpl.doIntersectionPrivilege(ProtectionDomain.java:84)
	at java.awt.EventQueue$4.run(EventQueue.java:739)
	at java.awt.EventQueue$4.run(EventQueue.java:737)
	at java.security.AccessController.doPrivileged(Native Method)
	at java.security.ProtectionDomain$JavaSecurityAccessImpl.doIntersectionPrivilege(ProtectionDomain.java:74)
	at java.awt.EventQueue.dispatchEvent(EventQueue.java:736)
	at com.intellij.ide.IdeEventQueue.defaultDispatchEvent(IdeEventQueue.java:757)
	at com.intellij.ide.IdeEventQueue._dispatchEvent(IdeEventQueue.java:702)
	at com.intellij.ide.IdeEventQueue.dispatchEvent(IdeEventQueue.java:375)
	at java.awt.EventDispatchThread.pumpOneEventForFilters(EventDispatchThread.java:205)
	at java.awt.EventDispatchThread.pumpEventsForFilter(EventDispatchThread.java:116)
	at java.awt.EventDispatchThread.pumpEventsForHierarchy(EventDispatchThread.java:105)
	at java.awt.EventDispatchThread.pumpEvents(EventDispatchThread.java:101)
	at java.awt.EventDispatchThread.pumpEvents(EventDispatchThread.java:93)
	at java.awt.EventDispatchThread.run(EventDispatchThread.java:82)
2021-12-16 20:55:22 INFO  PluginTasksProjectComponent.projectClosing(196) - ---------- Project closed ----------

2021-12-16 20:55:23 INFO  ApacheHttpClient.getTask(488) - responseCode = 200
2021-12-16 20:55:23 INFO  ApacheHttpClient.getTask(488) - responseCode = 200
2021-12-16 20:55:23 INFO  PluginTasksProjectComponent.projectOpened(79) - ---------- Project opened ----------
2021-12-16 20:55:23 INFO  PluginTasksProjectComponent.projectOpened(79) - ---------- Project opened ----------
2021-12-16 20:55:23 INFO  PluginTasksProjectComponent.projectOpened(80) - ---------- Version 3.53 ----------

2021-12-16 20:55:23 INFO  PluginTasksProjectComponent.projectOpened(80) - ---------- Version 3.53 ----------

2021-12-16 20:55:23 INFO  ApacheHttpClient.isSessionAppropriateWithSecretKey(602) - Waiting for server response.
2021-12-16 20:55:23 INFO  ApacheHttpClient.isSessionAppropriateWithSecretKey(602) - Waiting for server response.
2021-12-16 20:55:23 INFO  ApacheHttpClient.refreshUserInfo(305) - responseCode = 200
2021-12-16 20:55:23 INFO  ApacheHttpClient.refreshUserInfo(305) - responseCode = 200
2021-12-16 20:55:23 INFO  ApacheHttpClient.refreshUserInfo(311) - User information received.
2021-12-16 20:55:23 INFO  ApacheHttpClient.refreshUserInfo(311) - User information received.
2021-12-16 20:55:23 INFO  ApacheHttpClient.startGA(36) - GAService started.
2021-12-16 20:55:23 INFO  ApacheHttpClient.startGA(36) - GAService started.
2021-12-16 20:55:56 INFO  ApacheHttpClient.getWebResourceAsStream(502) - responseCode = 200
2021-12-16 20:55:56 INFO  ApacheHttpClient.getWebResourceAsStream(502) - responseCode = 200
2021-12-16 20:55:56 INFO  ApacheHttpClient.getFilteredTasks(336) - responseCode = 200
2021-12-16 20:55:56 INFO  ApacheHttpClient.getFilteredTasks(336) - responseCode = 200
2021-12-16 21:00:49 INFO  ApacheHttpClient.getWebResourceAsStream(502) - responseCode = 200
2021-12-16 21:00:49 INFO  ApacheHttpClient.getWebResourceAsStream(502) - responseCode = 200
2021-12-16 21:00:49 INFO  ApacheHttpClient.getFilteredTasks(336) - responseCode = 200
2021-12-16 21:00:49 INFO  ApacheHttpClient.getFilteredTasks(336) - responseCode = 200
2021-12-16 21:01:02 INFO  ApacheHttpClient.getFilteredTasks(336) - responseCode = 200
2021-12-16 21:01:02 INFO  ApacheHttpClient.getFilteredTasks(336) - responseCode = 200
2021-12-16 21:01:11 INFO  ApacheHttpClient.getFilteredTasks(336) - responseCode = 200
2021-12-16 21:01:11 INFO  ApacheHttpClient.getFilteredTasks(336) - responseCode = 200
2021-12-16 21:01:18 INFO  ApacheHttpClient.getFilteredTasks(336) - responseCode = 200
2021-12-16 21:01:18 INFO  ApacheHttpClient.getFilteredTasks(336) - responseCode = 200
2021-12-16 21:01:23 INFO  ApacheHttpClient.getFilteredTasks(336) - responseCode = 200
2021-12-16 21:01:23 INFO  ApacheHttpClient.getFilteredTasks(336) - responseCode = 200
2021-12-16 21:01:38 INFO  ApacheHttpClient.getWebResourceAsStream(502) - responseCode = 200
2021-12-16 21:01:38 INFO  ApacheHttpClient.getWebResourceAsStream(502) - responseCode = 200
2021-12-16 21:01:38 WARN  ValidateButton.actionPerformed(76) - No task selected!
com.homework.plugin.analytics.PluginWarningException: warning
	at com.homework.plugin.button.ValidateButton.actionPerformed(ValidateButton.java:76)
	at com.intellij.openapi.actionSystem.ex.ActionUtil$1.run(ActionUtil.java:261)
	at com.intellij.openapi.actionSystem.ex.ActionUtil.performActionDumbAware(ActionUtil.java:278)
	at com.intellij.openapi.actionSystem.impl.ActionButton.actionPerformed(ActionButton.java:183)
	at com.intellij.openapi.actionSystem.impl.ActionButton.performAction(ActionButton.java:147)
	at com.intellij.openapi.actionSystem.impl.ActionButton.processMouseEvent(ActionButton.java:415)
	at java.awt.Component.processEvent(Component.java:6315)
	at java.awt.Container.processEvent(Container.java:2239)
	at java.awt.Component.dispatchEventImpl(Component.java:4899)
	at java.awt.Container.dispatchEventImpl(Container.java:2297)
	at java.awt.Component.dispatchEvent(Component.java:4721)
	at java.awt.LightweightDispatcher.retargetMouseEvent(Container.java:4904)
	at java.awt.LightweightDispatcher.processMouseEvent(Container.java:4535)
	at java.awt.LightweightDispatcher.dispatchEvent(Container.java:4476)
	at java.awt.Container.dispatchEventImpl(Container.java:2283)
	at java.awt.Window.dispatchEventImpl(Window.java:2746)
	at java.awt.Component.dispatchEvent(Component.java:4721)
	at java.awt.EventQueue.dispatchEventImpl(EventQueue.java:766)
	at java.awt.EventQueue.access$500(EventQueue.java:98)
	at java.awt.EventQueue$3.run(EventQueue.java:715)
	at java.awt.EventQueue$3.run(EventQueue.java:709)
	at java.security.AccessController.doPrivileged(Native Method)
	at java.security.ProtectionDomain$JavaSecurityAccessImpl.doIntersectionPrivilege(ProtectionDomain.java:74)
	at java.security.ProtectionDomain$JavaSecurityAccessImpl.doIntersectionPrivilege(ProtectionDomain.java:84)
	at java.awt.EventQueue$4.run(EventQueue.java:739)
	at java.awt.EventQueue$4.run(EventQueue.java:737)
	at java.security.AccessController.doPrivileged(Native Method)
	at java.security.ProtectionDomain$JavaSecurityAccessImpl.doIntersectionPrivilege(ProtectionDomain.java:74)
	at java.awt.EventQueue.dispatchEvent(EventQueue.java:736)
	at com.intellij.ide.IdeEventQueue.defaultDispatchEvent(IdeEventQueue.java:757)
	at com.intellij.ide.IdeEventQueue._dispatchEvent(IdeEventQueue.java:702)
	at com.intellij.ide.IdeEventQueue.dispatchEvent(IdeEventQueue.java:375)
	at java.awt.EventDispatchThread.pumpOneEventForFilters(EventDispatchThread.java:205)
	at java.awt.EventDispatchThread.pumpEventsForFilter(EventDispatchThread.java:116)
	at java.awt.EventDispatchThread.pumpEventsForHierarchy(EventDispatchThread.java:105)
	at java.awt.EventDispatchThread.pumpEvents(EventDispatchThread.java:101)
	at java.awt.EventDispatchThread.pumpEvents(EventDispatchThread.java:93)
	at java.awt.EventDispatchThread.run(EventDispatchThread.java:82)
2021-12-16 21:01:38 WARN  ValidateButton.actionPerformed(76) - No task selected!
com.homework.plugin.analytics.PluginWarningException: warning
	at com.homework.plugin.button.ValidateButton.actionPerformed(ValidateButton.java:76)
	at com.intellij.openapi.actionSystem.ex.ActionUtil$1.run(ActionUtil.java:261)
	at com.intellij.openapi.actionSystem.ex.ActionUtil.performActionDumbAware(ActionUtil.java:278)
	at com.intellij.openapi.actionSystem.impl.ActionButton.actionPerformed(ActionButton.java:183)
	at com.intellij.openapi.actionSystem.impl.ActionButton.performAction(ActionButton.java:147)
	at com.intellij.openapi.actionSystem.impl.ActionButton.processMouseEvent(ActionButton.java:415)
	at java.awt.Component.processEvent(Component.java:6315)
	at java.awt.Container.processEvent(Container.java:2239)
	at java.awt.Component.dispatchEventImpl(Component.java:4899)
	at java.awt.Container.dispatchEventImpl(Container.java:2297)
	at java.awt.Component.dispatchEvent(Component.java:4721)
	at java.awt.LightweightDispatcher.retargetMouseEvent(Container.java:4904)
	at java.awt.LightweightDispatcher.processMouseEvent(Container.java:4535)
	at java.awt.LightweightDispatcher.dispatchEvent(Container.java:4476)
	at java.awt.Container.dispatchEventImpl(Container.java:2283)
	at java.awt.Window.dispatchEventImpl(Window.java:2746)
	at java.awt.Component.dispatchEvent(Component.java:4721)
	at java.awt.EventQueue.dispatchEventImpl(EventQueue.java:766)
	at java.awt.EventQueue.access$500(EventQueue.java:98)
	at java.awt.EventQueue$3.run(EventQueue.java:715)
	at java.awt.EventQueue$3.run(EventQueue.java:709)
	at java.security.AccessController.doPrivileged(Native Method)
	at java.security.ProtectionDomain$JavaSecurityAccessImpl.doIntersectionPrivilege(ProtectionDomain.java:74)
	at java.security.ProtectionDomain$JavaSecurityAccessImpl.doIntersectionPrivilege(ProtectionDomain.java:84)
	at java.awt.EventQueue$4.run(EventQueue.java:739)
	at java.awt.EventQueue$4.run(EventQueue.java:737)
	at java.security.AccessController.doPrivileged(Native Method)
	at java.security.ProtectionDomain$JavaSecurityAccessImpl.doIntersectionPrivilege(ProtectionDomain.java:74)
	at java.awt.EventQueue.dispatchEvent(EventQueue.java:736)
	at com.intellij.ide.IdeEventQueue.defaultDispatchEvent(IdeEventQueue.java:757)
	at com.intellij.ide.IdeEventQueue._dispatchEvent(IdeEventQueue.java:702)
	at com.intellij.ide.IdeEventQueue.dispatchEvent(IdeEventQueue.java:375)
	at java.awt.EventDispatchThread.pumpOneEventForFilters(EventDispatchThread.java:205)
	at java.awt.EventDispatchThread.pumpEventsForFilter(EventDispatchThread.java:116)
	at java.awt.EventDispatchThread.pumpEventsForHierarchy(EventDispatchThread.java:105)
	at java.awt.EventDispatchThread.pumpEvents(EventDispatchThread.java:101)
	at java.awt.EventDispatchThread.pumpEvents(EventDispatchThread.java:93)
	at java.awt.EventDispatchThread.run(EventDispatchThread.java:82)
2021-12-16 21:01:44 INFO  ApacheHttpClient.getWebResourceAsStream(502) - responseCode = 200
2021-12-16 21:01:44 INFO  ApacheHttpClient.getWebResourceAsStream(502) - responseCode = 200
2021-12-16 21:01:45 INFO  ApacheHttpClient.getFilteredTasks(336) - responseCode = 200
2021-12-16 21:01:45 INFO  ApacheHttpClient.getFilteredTasks(336) - responseCode = 200
2021-12-16 21:01:49 INFO  ApacheHttpClient.getTaskTemplateInfo(353) - responseCode = 200
2021-12-16 21:01:49 INFO  ApacheHttpClient.getTaskTemplateInfo(353) - responseCode = 200
2021-12-16 21:01:57 INFO  ApacheHttpClient.getWebResourceAsStream(502) - responseCode = 200
2021-12-16 21:01:57 INFO  ApacheHttpClient.getWebResourceAsStream(502) - responseCode = 200
2021-12-16 21:03:30 INFO  ApacheHttpClient.getWebResourceAsStream(502) - responseCode = 200
2021-12-16 21:03:30 INFO  ApacheHttpClient.getWebResourceAsStream(502) - responseCode = 200
2021-12-16 21:03:31 INFO  ApacheHttpClient.getWebResourceAsStream(502) - responseCode = 200
2021-12-16 21:03:31 INFO  ApacheHttpClient.getWebResourceAsStream(502) - responseCode = 200
2021-12-16 21:03:31 INFO  ApacheHttpClient.getTask(488) - responseCode = 200
2021-12-16 21:03:31 INFO  ApacheHttpClient.getTask(488) - responseCode = 200
2021-12-16 21:03:32 INFO  ApacheHttpClient.completed(32) - responseCode = 200
2021-12-16 21:03:32 INFO  ApacheHttpClient.completed(32) - responseCode = 200
2021-12-16 21:04:14 INFO  ApacheHttpClient.getWebResourceAsStream(502) - responseCode = 200
2021-12-16 21:04:14 INFO  ApacheHttpClient.getWebResourceAsStream(502) - responseCode = 200
2021-12-16 21:04:15 INFO  ApacheHttpClient.getFilteredTasks(336) - responseCode = 200
2021-12-16 21:04:15 INFO  ApacheHttpClient.getFilteredTasks(336) - responseCode = 200
2021-12-16 21:04:49 INFO  ApacheHttpClient.getFilteredTasks(336) - responseCode = 200
2021-12-16 21:04:49 INFO  ApacheHttpClient.getFilteredTasks(336) - responseCode = 200
2021-12-16 21:04:52 INFO  ApacheHttpClient.getFilteredTasks(336) - responseCode = 200
2021-12-16 21:04:52 INFO  ApacheHttpClient.getFilteredTasks(336) - responseCode = 200
2021-12-16 21:05:01 INFO  ApacheHttpClient.getFilteredTasks(336) - responseCode = 200
2021-12-16 21:05:01 INFO  ApacheHttpClient.getFilteredTasks(336) - responseCode = 200
2021-12-16 21:05:04 INFO  ApacheHttpClient.getFilteredTasks(336) - responseCode = 200
2021-12-16 21:05:04 INFO  ApacheHttpClient.getFilteredTasks(336) - responseCode = 200
2021-12-16 21:05:10 INFO  ApacheHttpClient.getFilteredTasks(336) - responseCode = 200
2021-12-16 21:05:10 INFO  ApacheHttpClient.getFilteredTasks(336) - responseCode = 200
2021-12-16 21:05:15 INFO  ApacheHttpClient.getFilteredTasks(336) - responseCode = 200
2021-12-16 21:05:15 INFO  ApacheHttpClient.getFilteredTasks(336) - responseCode = 200
2021-12-16 21:05:20 INFO  ApacheHttpClient.getWebResourceAsStream(502) - responseCode = 200
2021-12-16 21:05:20 INFO  ApacheHttpClient.getWebResourceAsStream(502) - responseCode = 200
2021-12-16 21:05:20 INFO  ApacheHttpClient.getFilteredTasks(336) - responseCode = 200
2021-12-16 21:05:20 INFO  ApacheHttpClient.getFilteredTasks(336) - responseCode = 200
2021-12-16 21:05:33 INFO  PluginTasksProjectComponent.projectClosing(196) - ---------- Project closed ----------

2021-12-16 21:05:33 INFO  PluginTasksProjectComponent.projectClosing(196) - ---------- Project closed ----------

2021-12-17 00:30:11 INFO  PluginTasksProjectComponent.projectClosing(196) - ---------- Project closed ----------

2021-12-17 00:30:11 INFO  PluginTasksProjectComponent.projectClosing(196) - ---------- Project closed ----------

2021-12-17 00:30:15 INFO  ApacheHttpClient.getTask(488) - responseCode = 200
2021-12-17 00:30:15 INFO  ApacheHttpClient.getTask(488) - responseCode = 200
2021-12-17 00:30:15 INFO  ApacheHttpClient.getTask(488) - responseCode = 200
2021-12-17 00:30:15 INFO  ApacheHttpClient.getTask(488) - responseCode = 200
2021-12-17 00:30:15 INFO  ApacheHttpClient.getTask(488) - responseCode = 200
2021-12-17 00:30:15 INFO  ApacheHttpClient.getTask(488) - responseCode = 200
2021-12-17 00:30:15 INFO  ApacheHttpClient.getTask(488) - responseCode = 200
2021-12-17 00:30:15 INFO  ApacheHttpClient.getTask(488) - responseCode = 200
2021-12-17 00:30:15 INFO  ApacheHttpClient.getTask(488) - responseCode = 200
2021-12-17 00:30:15 INFO  ApacheHttpClient.getTask(488) - responseCode = 200
2021-12-17 00:30:15 INFO  ApacheHttpClient.getTask(488) - responseCode = 200
2021-12-17 00:30:15 INFO  ApacheHttpClient.getTask(488) - responseCode = 200
2021-12-17 18:32:28 INFO  PluginTasksProjectComponent.projectOpened(79) - ---------- Project opened ----------
2021-12-17 18:32:28 INFO  PluginTasksProjectComponent.projectOpened(80) - ---------- Version 3.53 ----------

2021-12-17 18:32:29 INFO  ApacheHttpClient.createAsyncHttpClient(146) - 1 proxies selected. Type: DIRECT
2021-12-17 18:32:29 INFO  ApacheHttpClient.<init>(97) - ApacheHttpClient was successfully instantiated.
2021-12-17 18:32:31 INFO  ApacheHttpClient.testConnection(205) - responseCode = 200
2021-12-17 18:32:31 INFO  ApacheHttpClient.testConnection(220) - result = true
2021-12-17 18:32:31 INFO  ApacheHttpClient.isSessionAppropriateWithSecretKey(602) - Waiting for server response.
2021-12-17 18:32:32 INFO  ApacheHttpClient.refreshUserInfo(305) - responseCode = 200
2021-12-17 18:32:32 INFO  ApacheHttpClient.refreshUserInfo(311) - User information received.
2021-12-17 18:32:32 INFO  ApacheHttpClient.startGA(36) - GAService started.
